[ 2018-05-09T10:04:22+08:00 ] 127.0.0.1 /blog/Application/Admin/Public/ueditor/uedior.config.js
INFO: [ app_init ] --START--
INFO: Run Behavior\BuildLiteBehavior [ RunTime:0.000000s ]
INFO: [ app_init ] --END-- [ RunTime:0.001001s ]
ERR: 无法加载模块:Application

[ 2018-05-09T10:04:22+08:00 ] 127.0.0.1 /blog/Application/Admin/Public/ueditor/uedior.all.min.js
INFO: [ app_init ] --START--
INFO: Run Behavior\BuildLiteBehavior [ RunTime:0.000000s ]
INFO: [ app_init ] --END-- [ RunTime:0.001000s ]
ERR: 无法加载模块:Application

[ 2018-05-09T10:04:23+08:00 ] 127.0.0.1 /blog/Application/Admin/Public/ueditor/uedior.config.js
INFO: [ app_init ] --START--
INFO: Run Behavior\BuildLiteBehavior [ RunTime:0.000000s ]
INFO: [ app_init ] --END-- [ RunTime:0.001000s ]
ERR: 无法加载模块:Application

[ 2018-05-09T10:04:23+08:00 ] 127.0.0.1 /blog/Application/Admin/Public/ueditor/uedior.all.min.js
INFO: [ app_init ] --START--
INFO: Run Behavior\BuildLiteBehavior [ RunTime:0.000000s ]
INFO: [ app_init ] --END-- [ RunTime:0.001000s ]
ERR: 无法加载模块:Application

[ 2018-05-09T10:04:23+08:00 ] 127.0.0.1 /blog/Application/Admin/Public/ueditor/uedior.all.min.js
INFO: [ app_init ] --START--
INFO: Run Behavior\BuildLiteBehavior [ RunTime:0.000000s ]
INFO: [ app_init ] --END-- [ RunTime:0.001000s ]
ERR: 无法加载模块:Application

[ 2018-05-09T10:04:23+08:00 ] 127.0.0.1 /blog/Application/Admin/Public/ueditor/uedior.config.js
INFO: [ app_init ] --START--
INFO: Run Behavior\BuildLiteBehavior [ RunTime:0.000000s ]
INFO: [ app_init ] --END-- [ RunTime:0.001000s ]
ERR: 无法加载模块:Application

[ 2018-05-09T10:04:23+08:00 ] 127.0.0.1 /blog/Application/Admin/Public/ueditor/uedior.all.min.js
INFO: [ app_init ] --START--
INFO: Run Behavior\BuildLiteBehavior [ RunTime:0.000000s ]
INFO: [ app_init ] --END-- [ RunTime:0.001000s ]
ERR: 无法加载模块:Application

[ 2018-05-09T10:04:24+08:00 ] 127.0.0.1 /blog/Application/Admin/Public/ueditor/uedior.config.js
INFO: [ app_init ] --START--
INFO: Run Behavior\BuildLiteBehavior [ RunTime:0.001000s ]
INFO: [ app_init ] --END-- [ RunTime:0.001000s ]
ERR: 无法加载模块:Application

[ 2018-05-09T10:04:24+08:00 ] 127.0.0.1 /blog/Application/Admin/Public/ueditor/uedior.all.min.js
INFO: [ app_init ] --START--
INFO: Run Behavior\BuildLiteBehavior [ RunTime:0.001000s ]
INFO: [ app_init ] --END-- [ RunTime:0.001000s ]
ERR: 无法加载模块:Application

[ 2018-05-09T10:04:24+08:00 ] 127.0.0.1 /blog/Application/Admin/Public/ueditor/uedior.all.min.js
INFO: [ app_init ] --START--
INFO: Run Behavior\BuildLiteBehavior [ RunTime:0.000000s ]
INFO: [ app_init ] --END-- [ RunTime:0.000000s ]
ERR: 无法加载模块:Application

[ 2018-05-09T10:04:24+08:00 ] 127.0.0.1 /blog/Application/Admin/Public/ueditor/uedior.config.js
INFO: [ app_init ] --START--
INFO: Run Behavior\BuildLiteBehavior [ RunTime:0.000000s ]
INFO: [ app_init ] --END-- [ RunTime:0.001000s ]
ERR: 无法加载模块:Application

[ 2018-05-09T10:04:24+08:00 ] 127.0.0.1 /blog/Application/Admin/Public/ueditor/uedior.all.min.js
INFO: [ app_init ] --START--
INFO: Run Behavior\BuildLiteBehavior [ RunTime:0.000000s ]
INFO: [ app_init ] --END-- [ RunTime:0.001000s ]
ERR: 无法加载模块:Application

[ 2018-05-09T10:04:24+08:00 ] 127.0.0.1 /blog/Application/Admin/Public/ueditor/uedior.config.js
INFO: [ app_init ] --START--
INFO: Run Behavior\BuildLiteBehavior [ RunTime:0.000000s ]
INFO: [ app_init ] --END-- [ RunTime:0.001000s ]
ERR: 无法加载模块:Application

[ 2018-05-09T10:04:24+08:00 ] 127.0.0.1 /blog/Application/Admin/Public/ueditor/uedior.all.min.js
INFO: [ app_init ] --START--
INFO: Run Behavior\BuildLiteBehavior [ RunTime:0.000000s ]
INFO: [ app_init ] --END-- [ RunTime:0.001000s ]
ERR: 无法加载模块:Application

[ 2018-05-09T10:04:24+08:00 ] 127.0.0.1 /blog/Application/Admin/Public/ueditor/uedior.config.js
INFO: [ app_init ] --START--
INFO: Run Behavior\BuildLiteBehavior [ RunTime:0.000000s ]
INFO: [ app_init ] --END-- [ RunTime:0.001000s ]
ERR: 无法加载模块:Application

[ 2018-05-09T10:04:24+08:00 ] 127.0.0.1 /blog/Application/Admin/Public/ueditor/uedior.all.min.js
INFO: [ app_init ] --START--
INFO: Run Behavior\BuildLiteBehavior [ RunTime:0.000000s ]
INFO: [ app_init ] --END-- [ RunTime:0.001000s ]
ERR: 无法加载模块:Application

[ 2018-05-09T10:04:24+08:00 ] 127.0.0.1 /blog/Application/Admin/Public/ueditor/uedior.all.min.js
INFO: [ app_init ] --START--
INFO: Run Behavior\BuildLiteBehavior [ RunTime:0.000000s ]
INFO: [ app_init ] --END-- [ RunTime:0.001000s ]
ERR: 无法加载模块:Application

[ 2018-05-09T10:04:24+08:00 ] 127.0.0.1 /blog/Application/Admin/Public/ueditor/uedior.config.js
INFO: [ app_init ] --START--
INFO: Run Behavior\BuildLiteBehavior [ RunTime:0.000000s ]
INFO: [ app_init ] --END-- [ RunTime:0.001000s ]
ERR: 无法加载模块:Application

[ 2018-05-09T10:04:24+08:00 ] 127.0.0.1 /blog/Application/Admin/Public/ueditor/uedior.all.min.js
INFO: [ app_init ] --START--
INFO: Run Behavior\BuildLiteBehavior [ RunTime:0.000000s ]
INFO: [ app_init ] --END-- [ RunTime:0.000000s ]
ERR: 无法加载模块:Application

[ 2018-05-09T10:04:25+08:00 ] 127.0.0.1 /blog/Application/Admin/Public/ueditor/uedior.all.min.js
INFO: [ app_init ] --START--
INFO: Run Behavior\BuildLiteBehavior [ RunTime:0.000000s ]
INFO: [ app_init ] --END-- [ RunTime:0.001000s ]
ERR: 无法加载模块:Application

[ 2018-05-09T10:04:25+08:00 ] 127.0.0.1 /blog/Application/Admin/Public/ueditor/uedior.config.js
INFO: [ app_init ] --START--
INFO: Run Behavior\BuildLiteBehavior [ RunTime:0.000000s ]
INFO: [ app_init ] --END-- [ RunTime:0.000000s ]
ERR: 无法加载模块:Application

[ 2018-05-09T10:04:25+08:00 ] 127.0.0.1 /blog/Application/Admin/Public/ueditor/uedior.all.min.js
INFO: [ app_init ] --START--
INFO: Run Behavior\BuildLiteBehavior [ RunTime:0.000000s ]
INFO: [ app_init ] --END-- [ RunTime:0.001000s ]
ERR: 无法加载模块:Application

[ 2018-05-09T10:04:25+08:00 ] 127.0.0.1 /blog/Application/Admin/Public/ueditor/uedior.config.js
INFO: [ app_init ] --START--
INFO: Run Behavior\BuildLiteBehavior [ RunTime:0.000000s ]
INFO: [ app_init ] --END-- [ RunTime:0.000000s ]
ERR: 无法加载模块:Application


[ 2018-05-09T10:04:25+08:00 ] 127.0.0.1 /blog/Application/Admin/Public/ueditor/uedior.config.js
INFO: [ app_init ] --START--
INFO: Run Behavior\BuildLiteBehavior [ RunTime:0.000000s ]
INFO: [ app_init ] --END-- [ RunTime:0.000000s ]
ERR: 无法加载模块:Application

[ 2018-05-09T10:04:25+08:00 ] 127.0.0.1 /blog/Application/Admin/Public/ueditor/uedior.all.min.js
INFO: [ app_init ] --START--
INFO: Run Behavior\BuildLiteBehavior [ RunTime:0.000000s ]
INFO: [ app_init ] --END-- [ RunTime:0.001000s ]
ERR: 无法加载模块:Application

[ 2018-05-09T10:04:25+08:00 ] 127.0.0.1 /blog/Application/Admin/Public/ueditor/uedior.config.js
INFO: [ app_init ] --START--
INFO: Run Behavior\BuildLiteBehavior [ RunTime:0.000000s ]
INFO: [ app_init ] --END-- [ RunTime:0.001000s ]
ERR: 无法加载模块:Application

[ 2018-05-09T10:04:25+08:00 ] 127.0.0.1 /blog/Application/Admin/Public/ueditor/uedior.all.min.js
INFO: [ app_init ] --START--
INFO: Run Behavior\BuildLiteBehavior [ RunTime:0.000000s ]
INFO: [ app_init ] --END-- [ RunTime:0.001000s ]
ERR: 无法加载模块:Application

[ 2018-05-09T10:07:43+08:00 ] 127.0.0.1 /blog/Application/Admin/Public/ueditor/uedior.config.js
INFO: [ app_init ] --START--
INFO: Run Behavior\BuildLiteBehavior [ RunTime:0.000000s ]
INFO: [ app_init ] --END-- [ RunTime:0.001001s ]
ERR: 无法加载模块:Application

[ 2018-05-09T10:07:43+08:00 ] 127.0.0.1 /blog/Application/Admin/Public/ueditor/uedior.all.min.js
INFO: [ app_init ] --START--
INFO: Run Behavior\BuildLiteBehavior [ RunTime:0.000000s ]
INFO: [ app_init ] --END-- [ RunTime:0.001000s ]
ERR: 无法加载模块:Application

[ 2018-05-09T10:07:43+08:00 ] 127.0.0.1 /blog/Application/Admin/Public/ueditor/uedior.config.js
INFO: [ app_init ] --START--
INFO: Run Behavior\BuildLiteBehavior [ RunTime:0.001000s ]
INFO: [ app_init ] --END-- [ RunTime:0.001000s ]
ERR: 无法加载模块:Application

[ 2018-05-09T10:07:43+08:00 ] 127.0.0.1 /blog/Application/Admin/Public/ueditor/uedior.all.min.js
INFO: [ app_init ] --START--
INFO: Run Behavior\BuildLiteBehavior [ RunTime:0.001000s ]
INFO: [ app_init ] --END-- [ RunTime:0.001000s ]
ERR: 无法加载模块:Application

[ 2018-05-09T10:07:43+08:00 ] 127.0.0.1 /blog/Application/Admin/Public/ueditor/uedior.config.js
INFO: [ app_init ] --START--
INFO: Run Behavior\BuildLiteBehavior [ RunTime:0.000000s ]
INFO: [ app_init ] --END-- [ RunTime:0.000000s ]
ERR: 无法加载模块:Application

[ 2018-05-09T10:07:43+08:00 ] 127.0.0.1 /blog/Application/Admin/Public/ueditor/uedior.all.min.js
INFO: [ app_init ] --START--
INFO: Run Behavior\BuildLiteBehavior [ RunTime:0.000000s ]
INFO: [ app_init ] --END-- [ RunTime:0.001000s ]
ERR: 无法加载模块:Application

[ 2018-05-09T10:07:44+08:00 ] 127.0.0.1 /blog/Application/Admin/Public/ueditor/uedior.config.js
INFO: [ app_init ] --START--
INFO: Run Behavior\BuildLiteBehavior [ RunTime:0.000000s ]
INFO: [ app_init ] --END-- [ RunTime:0.001000s ]
ERR: 无法加载模块:Application

[ 2018-05-09T10:07:44+08:00 ] 127.0.0.1 /blog/Application/Admin/Public/ueditor/uedior.all.min.js
INFO: [ app_init ] --START--
INFO: Run Behavior\BuildLiteBehavior [ RunTime:0.001001s ]
INFO: [ app_init ] --END-- [ RunTime:0.001001s ]
ERR: 无法加载模块:Application

[ 2018-05-09T10:17:25+08:00 ] 127.0.0.1 /blog/Application/Admin/Public/ueditor/uedior.all.min.js
INFO: [ app_init ] --START--
INFO: Run Behavior\BuildLiteBehavior [ RunTime:0.000000s ]
INFO: [ app_init ] --END-- [ RunTime:0.001000s ]
ERR: 无法加载模块:Application

[ 2018-05-09T10:17:25+08:00 ] 127.0.0.1 /blog/Application/Admin/Public/ueditor/uedior.config.js
INFO: [ app_init ] --START--
INFO: Run Behavior\BuildLiteBehavior [ RunTime:0.000000s ]
INFO: [ app_init ] --END-- [ RunTime:0.001000s ]
ERR: 无法加载模块:Application

[ 2018-05-09T10:17:25+08:00 ] 127.0.0.1 /blog/Application/Admin/Public/ueditor/uedior.all.min.js
INFO: [ app_init ] --START--
INFO: Run Behavior\BuildLiteBehavior [ RunTime:0.000000s ]
INFO: [ app_init ] --END-- [ RunTime:0.001000s ]
ERR: 无法加载模块:Application

[ 2018-05-09T10:17:40+08:00 ] 127.0.0.1 /blog/Application/Admin/Public/ueditor/uedior.config.js
INFO: [ app_init ] --START--
INFO: Run Behavior\BuildLiteBehavior [ RunTime:0.000000s ]
INFO: [ app_init ] --END-- [ RunTime:0.001000s ]
ERR: 无法加载模块:Application

[ 2018-05-09T10:17:40+08:00 ] 127.0.0.1 /blog/Application/Admin/Public/ueditor/uedior.all.min.js
INFO: [ app_init ] --START--
INFO: Run Behavior\BuildLiteBehavior [ RunTime:0.000000s ]
INFO: [ app_init ] --END-- [ RunTime:0.001000s ]
ERR: 无法加载模块:Application

